<?xml version="1.0" encoding="UTF-8"?>
<!-- Generated by org.testng.reporters.JUnitReportReporter -->
<testsuite hostname="ASDP1580PO02037" name="GmailJS" tests="4" failures="0" timestamp="28 Jun 2018 02:58:43 GMT" time="26.590" errors="0">
  <testcase name="readmails" time="0.428" classname="GmailJS"/>
  <testcase name="login" time="12.444" classname="GmailJS"/>
  <testcase name="unread" time="4.476" classname="GmailJS"/>
  <testcase name="unreadAgain" time="9.242" classname="GmailJS"/>
</testsuite> <!-- GmailJS -->
